<?xml version="1.0" encoding="UTF-8"?>
<!-- Generated by org.testng.reporters.JUnitXMLReporter -->
<testsuite ignored="0" hostname="LAPTOP-LRF84BSB" failures="0" tests="1" name="Test-0" time="11.791" errors="0" timestamp="2024-05-27T09:59:31 IST">
  <testcase classname="browserstack.crossbrowserTest.TestDemo" name="titleCheck" time="11.656"/>
</testsuite> <!-- Test-0 -->
