<?xml version="1.0" encoding="UTF-8"?>
<!-- Generated by org.testng.reporters.JUnitXMLReporter -->
<testsuite ignored="0" hostname="LAPTOP-LRF84BSB" failures="0" tests="1" name="Test-1" time="8.719" errors="0" timestamp="2024-05-27T09:59:28 IST">
  <testcase classname="browserstack.crossbrowserTest.TestDemo" name="titleCheck" time="8.572"/>
</testsuite> <!-- Test-1 -->
