<?xml version="1.0" encoding="UTF-8"?>
<!-- Generated by org.testng.reporters.JUnitXMLReporter -->
<testsuite ignored="0" hostname="LAPTOP-LRF84BSB" failures="0" tests="1" name="Test-2" time="79.486" errors="0" timestamp="2024-05-27T10:00:38 IST">
  <testcase classname="browserstack.crossbrowserTest.TestDemo" name="titleCheck" time="79.349"/>
</testsuite> <!-- Test-2 -->
