<?xml version="1.0" encoding="UTF-8"?>
<!-- Generated by org.testng.reporters.JUnitReportReporter -->
<testsuite hostname="LAPTOP-LRF84BSB" failures="0" tests="3" name="browserstack.crossbrowserTest.TestDemo" time="99.577" errors="0" timestamp="2024-05-27T10:00:38 IST" skipped="0">
  <testcase classname="browserstack.crossbrowserTest.TestDemo" name="titleCheck" time="8.572"/>
  <testcase classname="browserstack.crossbrowserTest.TestDemo" name="titleCheck" time="11.656"/>
  <testcase classname="browserstack.crossbrowserTest.TestDemo" name="titleCheck" time="79.349"/>
</testsuite> <!-- browserstack.crossbrowserTest.TestDemo -->
